100%|█████████████████████████████████████████████████████████| 469/469 [00:52<00:00,  8.99it/s]
100%|█████████████████████████████████████████████████████████| 469/469 [00:51<00:00,  9.09it/s]
100%|█████████████████████████████████████████████████████████| 469/469 [00:51<00:00,  9.07it/s]
100%|█████████████████████████████████████████████████████████| 469/469 [00:52<00:00,  8.92it/s]
100%|█████████████████████████████████████████████████████████| 469/469 [00:50<00:00,  9.27it/s]
100%|█████████████████████████████████████████████████████████| 469/469 [00:50<00:00,  9.28it/s]
100%|█████████████████████████████████████████████████████████| 469/469 [00:51<00:00,  9.12it/s]
100%|█████████████████████████████████████████████████████████| 469/469 [00:55<00:00,  8.41it/s]
100%|█████████████████████████████████████████████████████████| 469/469 [00:55<00:00,  8.47it/s]
100%|█████████████████████████████████████████████████████████| 469/469 [00:56<00:00,  8.37it/s]
100%|█████████████████████████████████████████████████████████| 469/469 [00:55<00:00,  8.42it/s]
 40%|██████████████████████▍                                 | 40/100 [37:00<1:06:01, 66.02s/it^
100%|█████████████████████████████████████████████████████████| 469/469 [00:54<00:00,  8.68it/s]
100%|█████████████████████████████████████████████████████████| 469/469 [00:51<00:00,  9.03it/s]
100%|█████████████████████████████████████████████████████████| 469/469 [00:52<00:00,  8.94it/s]
100%|█████████████████████████████████████████████████████████| 469/469 [00:52<00:00,  8.89it/s]
100%|█████████████████████████████████████████████████████████| 469/469 [00:51<00:00,  9.04it/s]
100%|█████████████████████████████████████████████████████████| 469/469 [00:54<00:00,  8.64it/s]
100%|█████████████████████████████████████████████████████████| 469/469 [00:51<00:00,  9.08it/s]
100%|█████████████████████████████████████████████████████████| 469/469 [00:51<00:00,  9.02it/s]
100%|█████████████████████████████████████████████████████████| 469/469 [00:53<00:00,  8.76it/s]
100%|█████████████████████████████████████████████████████████| 469/469 [00:51<00:00,  9.06it/s]
100%|█████████████████████████████████████████████████████████| 469/469 [00:52<00:00,  9.00it/s]
100%|█████████████████████████████████████████████████████████| 469/469 [00:52<00:00,  8.93it/s]
100%|█████████████████████████████████████████████████████████| 469/469 [00:53<00:00,  8.80it/s]
100%|█████████████████████████████████████████████████████████| 469/469 [00:51<00:00,  9.10it/s]
100%|█████████████████████████████████████████████████████████| 469/469 [00:52<00:00,  8.96it/s]
100%|█████████████████████████████████████████████████████████| 469/469 [00:50<00:00,  9.21it/s]
100%|█████████████████████████████████████████████████████████| 469/469 [00:48<00:00,  9.74it/s]
100%|█████████████████████████████████████████████████████████| 469/469 [00:50<00:00,  9.25it/s]
100%|█████████████████████████████████████████████████████████| 469/469 [00:52<00:00,  8.96it/s]
100%|█████████████████████████████████████████████████████████| 469/469 [00:52<00:00,  8.86it/s]
100%|█████████████████████████████████████████████████████████| 469/469 [00:50<00:00,  9.21it/s]
100%|█████████████████████████████████████████████████████████| 469/469 [00:53<00:00,  8.79it/s]
100%|█████████████████████████████████████████████████████████| 469/469 [00:50<00:00,  9.33it/s]
100%|█████████████████████████████████████████████████████████| 469/469 [00:49<00:00,  9.43it/s]
100%|█████████████████████████████████████████████████████████| 469/469 [00:52<00:00,  8.99it/s]
100%|█████████████████████████████████████████████████████████| 469/469 [00:55<00:00,  8.41it/s]
100%|█████████████████████████████████████████████████████████| 469/469 [00:53<00:00,  8.70it/s]
100%|█████████████████████████████████████████████████████████| 469/469 [00:52<00:00,  8.98it/s]
100%|█████████████████████████████████████████████████████████| 469/469 [00:53<00:00,  8.85it/s]
100%|█████████████████████████████████████████████████████████| 469/469 [00:53<00:00,  8.79it/s]
100%|█████████████████████████████████████████████████████████| 469/469 [00:52<00:00,  8.96it/s]
100%|█████████████████████████████████████████████████████████| 469/469 [00:51<00:00,  9.15it/s]
100%|█████████████████████████████████████████████████████████| 469/469 [00:50<00:00,  9.32it/s]
100%|█████████████████████████████████████████████████████████| 469/469 [00:53<00:00,  8.83it/s]
100%|█████████████████████████████████████████████████████████| 469/469 [00:51<00:00,  9.02it/s]
100%|█████████████████████████████████████████████████████████| 469/469 [00:52<00:00,  8.96it/s]
100%|█████████████████████████████████████████████████████████| 469/469 [00:52<00:00,  8.92it/s]
100%|█████████████████████████████████████████████████████████| 469/469 [00:51<00:00,  9.06it/s]
100%|█████████████████████████████████████████████████████████| 469/469 [00:55<00:00,  8.39it/s]
100%|█████████████████████████████████████████████████████████| 469/469 [00:53<00:00,  8.83it/s]
100%|█████████████████████████████████████████████████████████| 469/469 [00:50<00:00,  9.24it/s]
100%|█████████████████████████████████████████████████████████| 469/469 [00:52<00:00,  8.88it/s]
100%|█████████████████████████████████████████████████████████| 469/469 [00:56<00:00,  8.24it/s]
100%|█████████████████████████████████████████████████████████| 469/469 [00:57<00:00,  8.19it/s]
100%|█████████████████████████████████████████████████████████| 469/469 [00:51<00:00,  9.04it/s]
100%|█████████████████████████████████████████████████████████| 469/469 [00:50<00:00,  9.32it/s]
100%|█████████████████████████████████████████████████████████| 469/469 [00:53<00:00,  8.70it/s]
100%|█████████████████████████████████████████████████████████| 469/469 [00:56<00:00,  8.25it/s]
100%|█████████████████████████████████████████████████████████| 469/469 [00:45<00:00, 10.22it/s]
100%|█████████████████████████████████████████████████████████| 469/469 [00:54<00:00,  8.66it/s]
100%|█████████████████████████████████████████████████████████| 469/469 [00:57<00:00,  8.15it/s]
100%|█████████████████████████████████████████████████████████| 469/469 [00:52<00:00,  8.94it/s]
100%|█████████████████████████████████████████████████████████| 469/469 [00:53<00:00,  8.82it/s]
100%|█████████████████████████████████████████████████████████| 469/469 [00:52<00:00,  8.98it/s]
100%|█████████████████████████████████████████████████████████| 469/469 [00:55<00:00,  8.38it/s]
100%|█████████████████████████████████████████████████████████| 469/469 [00:54<00:00,  8.59it/s]
100%|█████████████████████████████████████████████████████████| 469/469 [00:56<00:00,  8.28it/s]
100%|█████████████████████████████████████████████████████████| 469/469 [00:49<00:00,  9.38it/s]
100%|█████████████████████████████████████████████████████████| 469/469 [00:53<00:00,  8.82it/s]
100%|█████████████████████████████████████████████████████████| 469/469 [00:54<00:00,  8.68it/s]
100%|█████████████████████████████████████████████████████████| 469/469 [00:54<00:00,  8.63it/s]
100%|█████████████████████████████████████████████████████████| 469/469 [00:53<00:00,  8.72it/s]
100%|█████████████████████████████████████████████████████████| 469/469 [00:53<00:00,  8.74it/s]
100%|█████████████████████████████████████████████████████████| 469/469 [00:52<00:00,  8.92it/s]
100%|█████████████████████████████████████████████████████████| 469/469 [00:52<00:00,  8.94it/s]
100%|█████████████████████████████████████████████████████████| 469/469 [00:54<00:00,  8.59it/s]
100%|█████████████████████████████████████████████████████████| 469/469 [00:54<00:00,  8.62it/s]
100%|█████████████████████████████████████████████████████████| 469/469 [00:53<00:00,  8.78it/s]
100%|█████████████████████████████████████████████████████████| 469/469 [00:54<00:00,  8.64it/s]
100%|█████████████████████████████████████████████████████████| 469/469 [00:54<00:00,  8.65it/s]
100%|█████████████████████████████████████████████████████████| 469/469 [00:54<00:00,  8.53it/s]
100%|█████████████████████████████████████████████████████████| 469/469 [00:57<00:00,  8.10it/s]
100%|█████████████████████████████████████████████████████████| 469/469 [00:59<00:00,  7.94it/s]
100%|█████████████████████████████████████████████████████████| 469/469 [00:54<00:00,  8.64it/s]
100%|█████████████████████████████████████████████████████████| 469/469 [00:53<00:00,  8.70it/s]
100%|█████████████████████████████████████████████████████████| 469/469 [00:53<00:00,  8.83it/s]
100%|█████████████████████████████████████████████████████████| 469/469 [00:53<00:00,  8.82it/s]
100%|█████████████████████████████████████████████████████████| 469/469 [00:51<00:00,  9.09it/s]
100%|█████████████████████████████████████████████████████████| 469/469 [00:54<00:00,  8.67it/s]
100%|█████████████████████████████████████████████████████████| 469/469 [00:54<00:00,  8.63it/s]
100%|█████████████████████████████████████████████████████████| 469/469 [00:51<00:00,  9.04it/s]
 42%|████████████████████████▊                                  | 21/50 [20:13<29:56, 61.96s/it/
opt/conda/conda-bld/pytorch_1670525539683/work/aten/src/ATen/native/cuda/IndexKernel.cu:92: oper
ator(): block: [0,0,0], thread: [58,0,0] Assertion `index >= -sizes[i] && index < sizes[i] && "i
ndex out of bounds"` failed.
 84%|███████████████████████████████████████████████▋         | 392/469 [00:45<00:09,  8.54it/s]
 50%|███████████████████████████▌                           | 2/4 [4:54:31<4:54:31, 8835.99s/it]
Traceback (most recent call last):
  File "/home1/tejomay/AML_2/FashionMNISTDDPM/code/main/run.py", line 91, in <module>
    main()
  File "/home1/tejomay/AML_2/FashionMNISTDDPM/code/main/run.py", line 82, in main
    fashion_generator.train_model(train_loader,n_iterations,learning_rate,writer,model_path, lev
els)
  File "/home1/tejomay/AML_2/FashionMNISTDDPM/code/main/../models/diffusion.py", line 184, in tr
ain_model
    epsilon_predicted = self.forward(xt, t, sampled_idx)
  File "/home1/tejomay/AML_2/FashionMNISTDDPM/code/main/../models/diffusion.py", line 38, in for
ward
    return self.models[idx](x,t)
  File "/home1/tejomay/.conda/envs/condaenv/lib/python3.9/site-packages/torch/nn/modules/module.
py", line 1194, in _call_impl
    return forward_call(*input, **kwargs)
  File "/home1/tejomay/AML_2/FashionMNISTDDPM/code/main/../models/unet_new.py", line 117, in for
ward
    out1 = self.b1(x + self.te1(t).reshape(n, -1, 1, 1))  # (N, 10, 28, 28)
  File "/home1/tejomay/.conda/envs/condaenv/lib/python3.9/site-packages/torch/nn/modules/module.
py", line 1194, in _call_impl
    return forward_call(*input, **kwargs)
  File "/home1/tejomay/.conda/envs/condaenv/lib/python3.9/site-packages/torch/nn/modules/contain
er.py", line 204, in forward
    input = module(input)
  File "/home1/tejomay/.conda/envs/condaenv/lib/python3.9/site-packages/torch/nn/modules/module.
py", line 1194, in _call_impl
    return forward_call(*input, **kwargs)
  File "/home1/tejomay/.conda/envs/condaenv/lib/python3.9/site-packages/torch/nn/modules/linear.
py", line 114, in forward
    return F.linear(input, self.weight, self.bias)
RuntimeError: CUDA error: CUBLAS_STATUS_EXECUTION_FAILED when calling `cublasSgemm( handle, opa,
 opb, m, n, k, &alpha, a, lda, b, ldb, &beta, c, ldc)`
(condaenv) tejomay@server:~/AML_2/FashionMNISTDDPM/code/main$ tmux capture-pane -pS -1000000 > f
ile.out

